# JRE version: OpenJDK Runtime Environment Microsoft-40648 (11.0.16.1+1) (build 11.0.16.1+1-LTS)
# Java VM: OpenJDK 64-Bit Server VM Microsoft-40648 (11.0.16.1+1-LTS, mixed mode, tiered, compressed oops, g1 gc, windows-amd64)
Heap:
 garbage-first heap   total 413696K, used 340509K [0x00000000c0000000, 0x0000000100000000)
  region size 1024K, 201 young (205824K), 9 survivors (9216K)
 Metaspace       used 24823K, capacity 25421K, committed 25520K, reserved 1071104K
  class space    used 2660K, capacity 2927K, committed 2992K, reserved 1048576K
GC Heap History (20 events):
Event: 10.299 GC heap before
{Heap before GC invocations=21 (full 0):
 garbage-first heap   total 413696K, used 264625K [0x00000000c0000000, 0x0000000100000000)
  region size 1024K, 124 young (126976K), 2 survivors (2048K)
 Metaspace       used 23967K, capacity 24487K, committed 25008K, reserved 1071104K
  class space    used 2563K, capacity 2807K, committed 2992K, reserved 1048576K
}
Event: 10.310 GC heap after
{Heap after GC invocations=22 (full 0):
 garbage-first heap   total 413696K, used 140625K [0x00000000c0000000, 0x0000000100000000)
  region size 1024K, 3 young (3072K), 3 survivors (3072K)
 Metaspace       used 23967K, capacity 24487K, committed 25008K, reserved 1071104K
  class space    used 2563K, capacity 2807K, committed 2992K, reserved 1048576K
}
Event: 10.430 GC heap before
{Heap before GC invocations=22 (full 0):
 garbage-first heap   total 413696K, used 158033K [0x00000000c0000000, 0x0000000100000000)
  region size 1024K, 20 young (20480K), 3 survivors (3072K)
 Metaspace       used 23983K, capacity 24487K, committed 25008K, reserved 1071104K
  class space    used 2563K, capacity 2807K, committed 2992K, reserved 1048576K
}
Event: 10.444 GC heap after
{Heap after GC invocations=23 (full 0):
 garbage-first heap   total 413696K, used 137116K [0x00000000c0000000, 0x0000000100000000)
  region size 1024K, 2 young (2048K), 2 survivors (2048K)
 Metaspace       used 23983K, capacity 24487K, committed 25008K, reserved 1071104K
  class space    used 2563K, capacity 2807K, committed 2992K, reserved 1048576K
}
Event: 11.222 GC heap before
{Heap before GC invocations=23 (full 0):
 garbage-first heap   total 413696K, used 270236K [0x00000000c0000000, 0x0000000100000000)
  region size 1024K, 132 young (135168K), 2 survivors (2048K)
 Metaspace       used 24053K, capacity 24577K, committed 25008K, reserved 1071104K
  class space    used 2568K, capacity 2815K, committed 2992K, reserved 1048576K
}
Event: 11.232 GC heap after
{Heap after GC invocations=24 (full 0):
 garbage-first heap   total 413696K, used 138471K [0x00000000c0000000, 0x0000000100000000)
  region size 1024K, 3 young (3072K), 3 survivors (3072K)
 Metaspace       used 24053K, capacity 24577K, committed 25008K, reserved 1071104K
  class space    used 2568K, capacity 2815K, committed 2992K, reserved 1048576K
}
Event: 12.068 GC heap before
{Heap before GC invocations=24 (full 0):
 garbage-first heap   total 413696K, used 294119K [0x00000000c0000000, 0x0000000100000000)
  region size 1024K, 155 young (158720K), 3 survivors (3072K)
 Metaspace       used 24380K, capacity 24895K, committed 25264K, reserved 1071104K
  class space    used 2606K, capacity 2837K, committed 2992K, reserved 1048576K
}
Event: 12.081 GC heap after
{Heap after GC invocations=25 (full 0):
 garbage-first heap   total 413696K, used 139252K [0x00000000c0000000, 0x0000000100000000)
  region size 1024K, 4 young (4096K), 4 survivors (4096K)
 Metaspace       used 24380K, capacity 24895K, committed 25264K, reserved 1071104K
  class space    used 2606K, capacity 2837K, committed 2992K, reserved 1048576K
}
Event: 13.587 GC heap before
{Heap before GC invocations=25 (full 0):
 garbage-first heap   total 413696K, used 315380K [0x00000000c0000000, 0x0000000100000000)
  region size 1024K, 176 young (180224K), 4 survivors (4096K)
 Metaspace       used 24477K, capacity 25077K, committed 25264K, reserved 1071104K
  class space    used 2617K, capacity 2876K, committed 2992K, reserved 1048576K
}
Event: 13.599 GC heap after
{Heap after GC invocations=26 (full 0):
 garbage-first heap   total 413696K, used 139805K [0x00000000c0000000, 0x0000000100000000)
  region size 1024K, 4 young (4096K), 4 survivors (4096K)
 Metaspace       used 24477K, capacity 25077K, committed 25264K, reserved 1071104K
  class space    used 2617K, capacity 2876K, committed 2992K, reserved 1048576K
}
Event: 15.551 GC heap before
{Heap before GC invocations=26 (full 0):
 garbage-first heap   total 413696K, used 329245K [0x00000000c0000000, 0x0000000100000000)
  region size 1024K, 189 young (193536K), 4 survivors (4096K)
 Metaspace       used 24689K, capacity 25243K, committed 25520K, reserved 1071104K
  class space    used 2649K, capacity 2912K, committed 2992K, reserved 1048576K
}
Event: 15.569 GC heap after
{Heap after GC invocations=27 (full 0):
 garbage-first heap   total 413696K, used 140692K [0x00000000c0000000, 0x0000000100000000)
  region size 1024K, 5 young (5120K), 5 survivors (5120K)
 Metaspace       used 24689K, capacity 25243K, committed 25520K, reserved 1071104K
  class space    used 2649K, capacity 2912K, committed 2992K, reserved 1048576K
}
Event: 17.353 GC heap before
{Heap before GC invocations=27 (full 0):
 garbage-first heap   total 413696K, used 331156K [0x00000000c0000000, 0x0000000100000000)
  region size 1024K, 191 young (195584K), 5 survivors (5120K)
 Metaspace       used 24710K, capacity 25310K, committed 25520K, reserved 1071104K
  class space    used 2651K, capacity 2913K, committed 2992K, reserved 1048576K
}
Event: 17.372 GC heap after
{Heap after GC invocations=28 (full 0):
 garbage-first heap   total 413696K, used 141493K [0x00000000c0000000, 0x0000000100000000)
  region size 1024K, 6 young (6144K), 6 survivors (6144K)
 Metaspace       used 24710K, capacity 25310K, committed 25520K, reserved 1071104K
  class space    used 2651K, capacity 2913K, committed 2992K, reserved 1048576K
}
Event: 18.845 GC heap before
{Heap before GC invocations=28 (full 0):
 garbage-first heap   total 413696K, used 332981K [0x00000000c0000000, 0x0000000100000000)
  region size 1024K, 194 young (198656K), 6 survivors (6144K)
 Metaspace       used 24729K, capacity 25310K, committed 25520K, reserved 1071104K
  class space    used 2651K, capacity 2913K, committed 2992K, reserved 1048576K
}
Event: 18.860 GC heap after
{Heap after GC invocations=29 (full 0):
 garbage-first heap   total 413696K, used 142877K [0x00000000c0000000, 0x0000000100000000)
  region size 1024K, 7 young (7168K), 7 survivors (7168K)
 Metaspace       used 24729K, capacity 25310K, committed 25520K, reserved 1071104K
  class space    used 2651K, capacity 2913K, committed 2992K, reserved 1048576K
}
Event: 20.083 GC heap before
{Heap before GC invocations=29 (full 0):
 garbage-first heap   total 413696K, used 343581K [0x00000000c0000000, 0x0000000100000000)
  region size 1024K, 203 young (207872K), 7 survivors (7168K)
 Metaspace       used 24809K, capacity 25418K, committed 25520K, reserved 1071104K
  class space    used 2659K, capacity 2926K, committed 2992K, reserved 1048576K
}
Event: 20.102 GC heap after
{Heap after GC invocations=30 (full 0):
 garbage-first heap   total 413696K, used 143835K [0x00000000c0000000, 0x0000000100000000)
  region size 1024K, 8 young (8192K), 8 survivors (8192K)
 Metaspace       used 24809K, capacity 25418K, committed 25520K, reserved 1071104K
  class space    used 2659K, capacity 2926K, committed 2992K, reserved 1048576K
}
Event: 22.242 GC heap before
{Heap before GC invocations=30 (full 0):
 garbage-first heap   total 413696K, used 345563K [0x00000000c0000000, 0x0000000100000000)
  region size 1024K, 205 young (209920K), 8 survivors (8192K)
 Metaspace       used 24812K, capacity 25418K, committed 25520K, reserved 1071104K
  class space    used 2659K, capacity 2926K, committed 2992K, reserved 1048576K
}
Event: 22.263 GC heap after
{Heap after GC invocations=31 (full 0):
 garbage-first heap   total 413696K, used 144925K [0x00000000c0000000, 0x0000000100000000)
  region size 1024K, 9 young (9216K), 9 survivors (9216K)
 Metaspace       used 24812K, capacity 25418K, committed 25520K, reserved 1071104K
  class space    used 2659K, capacity 2926K, committed 2992K, reserved 1048576K
}

