# JRE version: OpenJDK Runtime Environment Microsoft-40648 (11.0.16.1+1) (build 11.0.16.1+1-LTS)
# Java VM: OpenJDK 64-Bit Server VM Microsoft-40648 (11.0.16.1+1-LTS, mixed mode, tiered, compressed oops, g1 gc, windows-amd64)
Heap:
 garbage-first heap   total 480256K, used 143360K [0x00000000c0000000, 0x0000000100000000)
  region size 1024K, 7 young (7168K), 4 survivors (4096K)
 Metaspace       used 20601K, capacity 21139K, committed 21376K, reserved 1069056K
  class space    used 2336K, capacity 2570K, committed 2688K, reserved 1048576K
GC Heap History (20 events):
Event: 0.958 GC heap before
{Heap before GC invocations=5 (full 0):
 garbage-first heap   total 157696K, used 53082K [0x00000000c0000000, 0x0000000100000000)
  region size 1024K, 37 young (37888K), 4 survivors (4096K)
 Metaspace       used 11667K, capacity 11867K, committed 11904K, reserved 1060864K
  class space    used 1103K, capacity 1146K, committed 1152K, reserved 1048576K
}
Event: 0.962 GC heap after
{Heap after GC invocations=6 (full 0):
 garbage-first heap   total 157696K, used 26624K [0x00000000c0000000, 0x0000000100000000)
  region size 1024K, 5 young (5120K), 5 survivors (5120K)
 Metaspace       used 11667K, capacity 11867K, committed 11904K, reserved 1060864K
  class space    used 1103K, capacity 1146K, committed 1152K, reserved 1048576K
}
Event: 1.380 GC heap before
{Heap before GC invocations=6 (full 0):
 garbage-first heap   total 157696K, used 72704K [0x00000000c0000000, 0x0000000100000000)
  region size 1024K, 50 young (51200K), 5 survivors (5120K)
 Metaspace       used 13484K, capacity 13667K, committed 13696K, reserved 1060864K
  class space    used 1298K, capacity 1390K, committed 1408K, reserved 1048576K
}
Event: 1.404 GC heap after
{Heap after GC invocations=7 (full 0):
 garbage-first heap   total 157696K, used 39573K [0x00000000c0000000, 0x0000000100000000)
  region size 1024K, 7 young (7168K), 7 survivors (7168K)
 Metaspace       used 13484K, capacity 13667K, committed 13696K, reserved 1060864K
  class space    used 1298K, capacity 1390K, committed 1408K, reserved 1048576K
}
Event: 1.577 GC heap before
{Heap before GC invocations=7 (full 0):
 garbage-first heap   total 157696K, used 81557K [0x00000000c0000000, 0x0000000100000000)
  region size 1024K, 49 young (50176K), 7 survivors (7168K)
 Metaspace       used 13516K, capacity 13734K, committed 13952K, reserved 1062912K
  class space    used 1298K, capacity 1390K, committed 1408K, reserved 1048576K
}
Event: 1.609 GC heap after
{Heap after GC invocations=8 (full 0):
 garbage-first heap   total 157696K, used 50688K [0x00000000c0000000, 0x0000000100000000)
  region size 1024K, 7 young (7168K), 7 survivors (7168K)
 Metaspace       used 13516K, capacity 13734K, committed 13952K, reserved 1062912K
  class space    used 1298K, capacity 1390K, committed 1408K, reserved 1048576K
}
Event: 1.757 GC heap before
{Heap before GC invocations=8 (full 0):
 garbage-first heap   total 157696K, used 97792K [0x00000000c0000000, 0x0000000100000000)
  region size 1024K, 53 young (54272K), 7 survivors (7168K)
 Metaspace       used 13550K, capacity 13737K, committed 13952K, reserved 1062912K
  class space    used 1299K, capacity 1390K, committed 1408K, reserved 1048576K
}
Event: 1.805 GC heap after
{Heap after GC invocations=9 (full 0):
 garbage-first heap   total 299008K, used 61952K [0x00000000c0000000, 0x0000000100000000)
  region size 1024K, 7 young (7168K), 7 survivors (7168K)
 Metaspace       used 13550K, capacity 13737K, committed 13952K, reserved 1062912K
  class space    used 1299K, capacity 1390K, committed 1408K, reserved 1048576K
}
Event: 1.965 GC heap before
{Heap before GC invocations=9 (full 0):
 garbage-first heap   total 299008K, used 69120K [0x00000000c0000000, 0x0000000100000000)
  region size 1024K, 14 young (14336K), 7 survivors (7168K)
 Metaspace       used 14903K, capacity 15177K, committed 15488K, reserved 1062912K
  class space    used 1496K, capacity 1594K, committed 1664K, reserved 1048576K
}
Event: 1.992 GC heap after
{Heap after GC invocations=10 (full 0):
 garbage-first heap   total 299008K, used 64107K [0x00000000c0000000, 0x0000000100000000)
  region size 1024K, 2 young (2048K), 2 survivors (2048K)
 Metaspace       used 14903K, capacity 15177K, committed 15488K, reserved 1062912K
  class space    used 1496K, capacity 1594K, committed 1664K, reserved 1048576K
}
Event: 2.293 GC heap before
{Heap before GC invocations=10 (full 0):
 garbage-first heap   total 299008K, used 116331K [0x00000000c0000000, 0x0000000100000000)
  region size 1024K, 53 young (54272K), 2 survivors (2048K)
 Metaspace       used 15118K, capacity 15342K, committed 15488K, reserved 1062912K
  class space    used 1512K, capacity 1626K, committed 1664K, reserved 1048576K
}
Event: 2.311 GC heap after
{Heap after GC invocations=11 (full 0):
 garbage-first heap   total 299008K, used 74115K [0x00000000c0000000, 0x0000000100000000)
  region size 1024K, 7 young (7168K), 7 survivors (7168K)
 Metaspace       used 15118K, capacity 15342K, committed 15488K, reserved 1062912K
  class space    used 1512K, capacity 1626K, committed 1664K, reserved 1048576K
}
Event: 2.633 GC heap before
{Heap before GC invocations=11 (full 0):
 garbage-first heap   total 299008K, used 188803K [0x00000000c0000000, 0x0000000100000000)
  region size 1024K, 119 young (121856K), 7 survivors (7168K)
 Metaspace       used 15123K, capacity 15406K, committed 15488K, reserved 1062912K
  class space    used 1512K, capacity 1626K, committed 1664K, reserved 1048576K
}
Event: 2.689 GC heap after
{Heap after GC invocations=12 (full 0):
 garbage-first heap   total 299008K, used 95686K [0x00000000c0000000, 0x0000000100000000)
  region size 1024K, 15 young (15360K), 15 survivors (15360K)
 Metaspace       used 15123K, capacity 15406K, committed 15488K, reserved 1062912K
  class space    used 1512K, capacity 1626K, committed 1664K, reserved 1048576K
}
Event: 2.864 GC heap before
{Heap before GC invocations=12 (full 0):
 garbage-first heap   total 299008K, used 106950K [0x00000000c0000000, 0x0000000100000000)
  region size 1024K, 26 young (26624K), 15 survivors (15360K)
 Metaspace       used 16818K, capacity 17132K, committed 17280K, reserved 1064960K
  class space    used 1712K, capacity 1865K, committed 1920K, reserved 1048576K
}
Event: 2.903 GC heap after
{Heap after GC invocations=13 (full 0):
 garbage-first heap   total 480256K, used 99840K [0x00000000c0000000, 0x0000000100000000)
  region size 1024K, 3 young (3072K), 3 survivors (3072K)
 Metaspace       used 16818K, capacity 17132K, committed 17280K, reserved 1064960K
  class space    used 1712K, capacity 1865K, committed 1920K, reserved 1048576K
}
Event: 3.188 GC heap before
{Heap before GC invocations=13 (full 0):
 garbage-first heap   total 480256K, used 185856K [0x00000000c0000000, 0x0000000100000000)
  region size 1024K, 87 young (89088K), 3 survivors (3072K)
 Metaspace       used 16834K, capacity 17136K, committed 17280K, reserved 1064960K
  class space    used 1713K, capacity 1865K, committed 1920K, reserved 1048576K
}
Event: 3.213 GC heap after
{Heap after GC invocations=14 (full 0):
 garbage-first heap   total 480256K, used 114176K [0x00000000c0000000, 0x0000000100000000)
  region size 1024K, 11 young (11264K), 11 survivors (11264K)
 Metaspace       used 16834K, capacity 17136K, committed 17280K, reserved 1064960K
  class space    used 1713K, capacity 1865K, committed 1920K, reserved 1048576K
}
Event: 3.542 GC heap before
{Heap before GC invocations=14 (full 0):
 garbage-first heap   total 480256K, used 235008K [0x00000000c0000000, 0x0000000100000000)
  region size 1024K, 128 young (131072K), 11 survivors (11264K)
 Metaspace       used 16835K, capacity 17136K, committed 17280K, reserved 1064960K
  class space    used 1713K, capacity 1865K, committed 1920K, reserved 1048576K
}
Event: 3.598 GC heap after
{Heap after GC invocations=15 (full 0):
 garbage-first heap   total 480256K, used 137594K [0x00000000c0000000, 0x0000000100000000)
  region size 1024K, 16 young (16384K), 16 survivors (16384K)
 Metaspace       used 16835K, capacity 17136K, committed 17280K, reserved 1064960K
  class space    used 1713K, capacity 1865K, committed 1920K, reserved 1048576K
}

