# JRE version: OpenJDK Runtime Environment Microsoft-40648 (11.0.16.1+1) (build 11.0.16.1+1-LTS)
# Java VM: OpenJDK 64-Bit Server VM Microsoft-40648 (11.0.16.1+1-LTS, mixed mode, tiered, compressed oops, g1 gc, windows-amd64)
Heap:
 garbage-first heap   total 360448K, used 135888K [0x00000000c0000000, 0x0000000100000000)
  region size 1024K, 57 young (58368K), 11 survivors (11264K)
 Metaspace       used 16821K, capacity 17133K, committed 17280K, reserved 1064960K
  class space    used 1712K, capacity 1865K, committed 1920K, reserved 1048576K
GC Heap History (20 events):
Event: 0.935 GC heap before
{Heap before GC invocations=3 (full 0):
 garbage-first heap   total 131072K, used 27899K [0x00000000c0000000, 0x0000000100000000)
  region size 1024K, 20 young (20480K), 2 survivors (2048K)
 Metaspace       used 11670K, capacity 11803K, committed 11904K, reserved 1060864K
  class space    used 1105K, capacity 1146K, committed 1152K, reserved 1048576K
}
Event: 0.938 GC heap after
{Heap after GC invocations=4 (full 0):
 garbage-first heap   total 131072K, used 14569K [0x00000000c0000000, 0x0000000100000000)
  region size 1024K, 3 young (3072K), 3 survivors (3072K)
 Metaspace       used 11670K, capacity 11803K, committed 11904K, reserved 1060864K
  class space    used 1105K, capacity 1146K, committed 1152K, reserved 1048576K
}
Event: 1.003 GC heap before
{Heap before GC invocations=4 (full 0):
 garbage-first heap   total 131072K, used 39145K [0x00000000c0000000, 0x0000000100000000)
  region size 1024K, 28 young (28672K), 3 survivors (3072K)
 Metaspace       used 11671K, capacity 11867K, committed 11904K, reserved 1060864K
  class space    used 1105K, capacity 1146K, committed 1152K, reserved 1048576K
}
Event: 1.005 GC heap after
{Heap after GC invocations=5 (full 0):
 garbage-first heap   total 131072K, used 20042K [0x00000000c0000000, 0x0000000100000000)
  region size 1024K, 4 young (4096K), 4 survivors (4096K)
 Metaspace       used 11671K, capacity 11867K, committed 11904K, reserved 1060864K
  class space    used 1105K, capacity 1146K, committed 1152K, reserved 1048576K
}
Event: 1.088 GC heap before
{Heap before GC invocations=5 (full 0):
 garbage-first heap   total 131072K, used 55882K [0x00000000c0000000, 0x0000000100000000)
  region size 1024K, 39 young (39936K), 4 survivors (4096K)
 Metaspace       used 11677K, capacity 11867K, committed 11904K, reserved 1060864K
  class space    used 1105K, capacity 1146K, committed 1152K, reserved 1048576K
}
Event: 1.092 GC heap after
{Heap after GC invocations=6 (full 0):
 garbage-first heap   total 131072K, used 27858K [0x00000000c0000000, 0x0000000100000000)
  region size 1024K, 5 young (5120K), 5 survivors (5120K)
 Metaspace       used 11677K, capacity 11867K, committed 11904K, reserved 1060864K
  class space    used 1105K, capacity 1146K, committed 1152K, reserved 1048576K
}
Event: 1.519 GC heap before
{Heap before GC invocations=6 (full 0):
 garbage-first heap   total 131072K, used 69842K [0x00000000c0000000, 0x0000000100000000)
  region size 1024K, 46 young (47104K), 5 survivors (5120K)
 Metaspace       used 13503K, capacity 13671K, committed 13696K, reserved 1060864K
  class space    used 1298K, capacity 1391K, committed 1408K, reserved 1048576K
}
Event: 1.546 GC heap after
{Heap after GC invocations=7 (full 0):
 garbage-first heap   total 131072K, used 39621K [0x00000000c0000000, 0x0000000100000000)
  region size 1024K, 6 young (6144K), 6 survivors (6144K)
 Metaspace       used 13503K, capacity 13671K, committed 13696K, reserved 1060864K
  class space    used 1298K, capacity 1391K, committed 1408K, reserved 1048576K
}
Event: 1.570 GC heap before
{Heap before GC invocations=7 (full 0):
 garbage-first heap   total 131072K, used 43717K [0x00000000c0000000, 0x0000000100000000)
  region size 1024K, 10 young (10240K), 6 survivors (6144K)
 Metaspace       used 13514K, capacity 13736K, committed 13952K, reserved 1062912K
  class space    used 1298K, capacity 1391K, committed 1408K, reserved 1048576K
}
Event: 1.589 GC heap after
{Heap after GC invocations=8 (full 0):
 garbage-first heap   total 187392K, used 42209K [0x00000000c0000000, 0x0000000100000000)
  region size 1024K, 2 young (2048K), 2 survivors (2048K)
 Metaspace       used 13514K, capacity 13736K, committed 13952K, reserved 1062912K
  class space    used 1298K, capacity 1391K, committed 1408K, reserved 1048576K
}
Event: 1.767 GC heap before
{Heap before GC invocations=8 (full 0):
 garbage-first heap   total 187392K, used 82145K [0x00000000c0000000, 0x0000000100000000)
  region size 1024K, 41 young (41984K), 2 survivors (2048K)
 Metaspace       used 13534K, capacity 13738K, committed 13952K, reserved 1062912K
  class space    used 1298K, capacity 1391K, committed 1408K, reserved 1048576K
}
Event: 1.797 GC heap after
{Heap after GC invocations=9 (full 0):
 garbage-first heap   total 187392K, used 52161K [0x00000000c0000000, 0x0000000100000000)
  region size 1024K, 6 young (6144K), 6 survivors (6144K)
 Metaspace       used 13534K, capacity 13738K, committed 13952K, reserved 1062912K
  class space    used 1298K, capacity 1391K, committed 1408K, reserved 1048576K
}
Event: 1.873 GC heap before
{Heap before GC invocations=9 (full 0):
 garbage-first heap   total 187392K, used 74689K [0x00000000c0000000, 0x0000000100000000)
  region size 1024K, 28 young (28672K), 6 survivors (6144K)
 Metaspace       used 13552K, capacity 13741K, committed 13952K, reserved 1062912K
  class space    used 1298K, capacity 1391K, committed 1408K, reserved 1048576K
}
Event: 1.896 GC heap after
{Heap after GC invocations=10 (full 0):
 garbage-first heap   total 187392K, used 58118K [0x00000000c0000000, 0x0000000100000000)
  region size 1024K, 4 young (4096K), 4 survivors (4096K)
 Metaspace       used 13552K, capacity 13741K, committed 13952K, reserved 1062912K
  class space    used 1298K, capacity 1391K, committed 1408K, reserved 1048576K
}
Event: 2.239 GC heap before
{Heap before GC invocations=10 (full 0):
 garbage-first heap   total 187392K, used 97030K [0x00000000c0000000, 0x0000000100000000)
  region size 1024K, 42 young (43008K), 4 survivors (4096K)
 Metaspace       used 15013K, capacity 15243K, committed 15488K, reserved 1062912K
  class space    used 1504K, capacity 1594K, committed 1664K, reserved 1048576K
}
Event: 2.261 GC heap after
{Heap after GC invocations=11 (full 0):
 garbage-first heap   total 187392K, used 65536K [0x00000000c0000000, 0x0000000100000000)
  region size 1024K, 6 young (6144K), 6 survivors (6144K)
 Metaspace       used 15013K, capacity 15243K, committed 15488K, reserved 1062912K
  class space    used 1504K, capacity 1594K, committed 1664K, reserved 1048576K
}
Event: 2.447 GC heap before
{Heap before GC invocations=11 (full 0):
 garbage-first heap   total 187392K, used 111616K [0x00000000c0000000, 0x0000000100000000)
  region size 1024K, 51 young (52224K), 6 survivors (6144K)
 Metaspace       used 15126K, capacity 15407K, committed 15488K, reserved 1062912K
  class space    used 1511K, capacity 1626K, committed 1664K, reserved 1048576K
}
Event: 2.478 GC heap after
{Heap after GC invocations=12 (full 0):
 garbage-first heap   total 360448K, used 74731K [0x00000000c0000000, 0x0000000100000000)
  region size 1024K, 7 young (7168K), 7 survivors (7168K)
 Metaspace       used 15126K, capacity 15407K, committed 15488K, reserved 1062912K
  class space    used 1511K, capacity 1626K, committed 1664K, reserved 1048576K
}
Event: 2.684 GC heap before
{Heap before GC invocations=12 (full 0):
 garbage-first heap   total 360448K, used 150507K [0x00000000c0000000, 0x0000000100000000)
  region size 1024K, 81 young (82944K), 7 survivors (7168K)
 Metaspace       used 15130K, capacity 15407K, committed 15488K, reserved 1062912K
  class space    used 1511K, capacity 1626K, committed 1664K, reserved 1048576K
}
Event: 2.725 GC heap after
{Heap after GC invocations=13 (full 0):
 garbage-first heap   total 360448K, used 89808K [0x00000000c0000000, 0x0000000100000000)
  region size 1024K, 11 young (11264K), 11 survivors (11264K)
 Metaspace       used 15130K, capacity 15407K, committed 15488K, reserved 1062912K
  class space    used 1511K, capacity 1626K, committed 1664K, reserved 1048576K
}

