# JRE version: OpenJDK Runtime Environment Microsoft-40648 (11.0.16.1+1) (build 11.0.16.1+1-LTS)
# Java VM: OpenJDK 64-Bit Server VM Microsoft-40648 (11.0.16.1+1-LTS, mixed mode, tiered, compressed oops, g1 gc, windows-amd64)
Heap:
 garbage-first heap   total 378880K, used 75203K [0x0000000081e00000, 0x0000000100000000)
  region size 1024K, 7 young (7168K), 7 survivors (7168K)
 Metaspace       used 18269K, capacity 18591K, committed 18688K, reserved 1067008K
  class space    used 1658K, capacity 1785K, committed 1792K, reserved 1048576K
GC Heap History (20 events):
Event: 1.907 GC heap after
{Heap after GC invocations=36 (full 0):
 garbage-first heap   total 50176K, used 18547K [0x0000000081e00000, 0x0000000100000000)
  region size 1024K, 1 young (1024K), 1 survivors (1024K)
 Metaspace       used 13777K, capacity 14116K, committed 14336K, reserved 1062912K
  class space    used 1409K, capacity 1503K, committed 1536K, reserved 1048576K
}
Event: 2.149 GC heap before
{Heap before GC invocations=37 (full 0):
 garbage-first heap   total 50176K, used 33907K [0x0000000081e00000, 0x0000000100000000)
  region size 1024K, 12 young (12288K), 1 survivors (1024K)
 Metaspace       used 13865K, capacity 14180K, committed 14336K, reserved 1062912K
  class space    used 1409K, capacity 1503K, committed 1536K, reserved 1048576K
}
Event: 2.157 GC heap after
{Heap after GC invocations=38 (full 0):
 garbage-first heap   total 50176K, used 23124K [0x0000000081e00000, 0x0000000100000000)
  region size 1024K, 2 young (2048K), 2 survivors (2048K)
 Metaspace       used 13865K, capacity 14180K, committed 14336K, reserved 1062912K
  class space    used 1409K, capacity 1503K, committed 1536K, reserved 1048576K
}
Event: 2.349 GC heap before
{Heap before GC invocations=38 (full 0):
 garbage-first heap   total 50176K, used 29268K [0x0000000081e00000, 0x0000000100000000)
  region size 1024K, 9 young (9216K), 2 survivors (2048K)
 Metaspace       used 14218K, capacity 14514K, committed 14720K, reserved 1062912K
  class space    used 1442K, capacity 1571K, committed 1664K, reserved 1048576K
}
Event: 2.358 GC heap after
{Heap after GC invocations=39 (full 0):
 garbage-first heap   total 97280K, used 25600K [0x0000000081e00000, 0x0000000100000000)
  region size 1024K, 2 young (2048K), 2 survivors (2048K)
 Metaspace       used 14218K, capacity 14514K, committed 14720K, reserved 1062912K
  class space    used 1442K, capacity 1571K, committed 1664K, reserved 1048576K
}
Event: 2.867 GC heap before
{Heap before GC invocations=40 (full 0):
 garbage-first heap   total 97280K, used 50176K [0x0000000081e00000, 0x0000000100000000)
  region size 1024K, 23 young (23552K), 2 survivors (2048K)
 Metaspace       used 15752K, capacity 16095K, committed 16384K, reserved 1064960K
  class space    used 1552K, capacity 1691K, committed 1792K, reserved 1048576K
}
Event: 2.884 GC heap after
{Heap after GC invocations=41 (full 0):
 garbage-first heap   total 97280K, used 35771K [0x0000000081e00000, 0x0000000100000000)
  region size 1024K, 3 young (3072K), 3 survivors (3072K)
 Metaspace       used 15752K, capacity 16095K, committed 16384K, reserved 1064960K
  class space    used 1552K, capacity 1691K, committed 1792K, reserved 1048576K
}
Event: 2.994 GC heap before
{Heap before GC invocations=41 (full 0):
 garbage-first heap   total 97280K, used 58299K [0x0000000081e00000, 0x0000000100000000)
  region size 1024K, 25 young (25600K), 3 survivors (3072K)
 Metaspace       used 15860K, capacity 16172K, committed 16384K, reserved 1064960K
  class space    used 1555K, capacity 1695K, committed 1792K, reserved 1048576K
}
Event: 3.032 GC heap after
{Heap after GC invocations=42 (full 0):
 garbage-first heap   total 97280K, used 52151K [0x0000000081e00000, 0x0000000100000000)
  region size 1024K, 4 young (4096K), 4 survivors (4096K)
 Metaspace       used 15860K, capacity 16172K, committed 16384K, reserved 1064960K
  class space    used 1555K, capacity 1695K, committed 1792K, reserved 1048576K
}
Event: 3.215 GC heap before
{Heap before GC invocations=42 (full 0):
 garbage-first heap   total 97280K, used 66487K [0x0000000081e00000, 0x0000000100000000)
  region size 1024K, 18 young (18432K), 4 survivors (4096K)
 Metaspace       used 16133K, capacity 16504K, committed 16640K, reserved 1064960K
  class space    used 1559K, capacity 1695K, committed 1792K, reserved 1048576K
}
Event: 3.234 GC heap after
{Heap after GC invocations=43 (full 0):
 garbage-first heap   total 97280K, used 56320K [0x0000000081e00000, 0x0000000100000000)
  region size 1024K, 3 young (3072K), 3 survivors (3072K)
 Metaspace       used 16133K, capacity 16504K, committed 16640K, reserved 1064960K
  class space    used 1559K, capacity 1695K, committed 1792K, reserved 1048576K
}
Event: 3.439 GC heap before
{Heap before GC invocations=44 (full 0):
 garbage-first heap   total 97280K, used 71680K [0x0000000081e00000, 0x0000000100000000)
  region size 1024K, 16 young (16384K), 3 survivors (3072K)
 Metaspace       used 16186K, capacity 16511K, committed 16640K, reserved 1064960K
  class space    used 1560K, capacity 1696K, committed 1792K, reserved 1048576K
}
Event: 3.460 GC heap after
{Heap after GC invocations=45 (full 0):
 garbage-first heap   total 222208K, used 60416K [0x0000000081e00000, 0x0000000100000000)
  region size 1024K, 2 young (2048K), 2 survivors (2048K)
 Metaspace       used 16186K, capacity 16511K, committed 16640K, reserved 1064960K
  class space    used 1560K, capacity 1696K, committed 1792K, reserved 1048576K
}
Event: 4.959 GC heap before
{Heap before GC invocations=45 (full 0):
 garbage-first heap   total 222208K, used 108544K [0x0000000081e00000, 0x0000000100000000)
  region size 1024K, 49 young (50176K), 2 survivors (2048K)
 Metaspace       used 17832K, capacity 18132K, committed 18176K, reserved 1064960K
  class space    used 1657K, capacity 1785K, committed 1792K, reserved 1048576K
}
Event: 4.983 GC heap after
{Heap after GC invocations=46 (full 0):
 garbage-first heap   total 222208K, used 65436K [0x0000000081e00000, 0x0000000100000000)
  region size 1024K, 7 young (7168K), 7 survivors (7168K)
 Metaspace       used 17832K, capacity 18132K, committed 18176K, reserved 1064960K
  class space    used 1657K, capacity 1785K, committed 1792K, reserved 1048576K
}
Event: 5.578 GC heap before
{Heap before GC invocations=46 (full 0):
 garbage-first heap   total 222208K, used 125852K [0x0000000081e00000, 0x0000000100000000)
  region size 1024K, 66 young (67584K), 7 survivors (7168K)
 Metaspace       used 18112K, capacity 18455K, committed 18688K, reserved 1067008K
  class space    used 1658K, capacity 1785K, committed 1792K, reserved 1048576K
}
Event: 5.601 GC heap after
{Heap after GC invocations=47 (full 0):
 garbage-first heap   total 222208K, used 68921K [0x0000000081e00000, 0x0000000100000000)
  region size 1024K, 4 young (4096K), 4 survivors (4096K)
 Metaspace       used 18112K, capacity 18455K, committed 18688K, reserved 1067008K
  class space    used 1658K, capacity 1785K, committed 1792K, reserved 1048576K
}
Event: 6.098 GC heap before
{Heap before GC invocations=47 (full 0):
 garbage-first heap   total 222208K, used 137529K [0x0000000081e00000, 0x0000000100000000)
  region size 1024K, 71 young (72704K), 4 survivors (4096K)
 Metaspace       used 18212K, capacity 18526K, committed 18688K, reserved 1067008K
  class space    used 1658K, capacity 1785K, committed 1792K, reserved 1048576K
}
Event: 6.109 GC heap after
{Heap after GC invocations=48 (full 0):
 garbage-first heap   total 222208K, used 71339K [0x0000000081e00000, 0x0000000100000000)
  region size 1024K, 6 young (6144K), 6 survivors (6144K)
 Metaspace       used 18212K, capacity 18526K, committed 18688K, reserved 1067008K
  class space    used 1658K, capacity 1785K, committed 1792K, reserved 1048576K
}
Event: 6.597 GC heap before
{Heap before GC invocations=48 (full 0):
 garbage-first heap   total 222208K, used 147115K [0x0000000081e00000, 0x0000000100000000)
  region size 1024K, 80 young (81920K), 6 survivors (6144K)
 Metaspace       used 18269K, capacity 18591K, committed 18688K, reserved 1067008K
  class space    used 1658K, capacity 1785K, committed 1792K, reserved 1048576K
}

