# JRE version: OpenJDK Runtime Environment Microsoft-40648 (11.0.16.1+1) (build 11.0.16.1+1-LTS)
# Java VM: OpenJDK 64-Bit Server VM Microsoft-40648 (11.0.16.1+1-LTS, mixed mode, tiered, compressed oops, g1 gc, windows-amd64)
Heap:
 garbage-first heap   total 462848K, used 315241K [0x00000000c0000000, 0x0000000100000000)
  region size 1024K, 174 young (178176K), 9 survivors (9216K)
 Metaspace       used 24863K, capacity 25485K, committed 25620K, reserved 1073152K
  class space    used 2657K, capacity 2927K, committed 2944K, reserved 1048576K
GC Heap History (20 events):
Event: 6.855 GC heap before
{Heap before GC invocations=18 (full 0):
 garbage-first heap   total 462848K, used 164328K [0x00000000c0000000, 0x0000000100000000)
  region size 1024K, 22 young (22528K), 3 survivors (3072K)
 Metaspace       used 23795K, capacity 24380K, committed 24596K, reserved 1071104K
  class space    used 2581K, capacity 2824K, committed 2944K, reserved 1048576K
}
Event: 6.866 GC heap after
{Heap after GC invocations=19 (full 0):
 garbage-first heap   total 462848K, used 141099K [0x00000000c0000000, 0x0000000100000000)
  region size 1024K, 1 young (1024K), 1 survivors (1024K)
 Metaspace       used 23795K, capacity 24380K, committed 24596K, reserved 1071104K
  class space    used 2581K, capacity 2824K, committed 2944K, reserved 1048576K
}
Event: 7.637 GC heap before
{Heap before GC invocations=19 (full 0):
 garbage-first heap   total 462848K, used 302891K [0x00000000c0000000, 0x0000000100000000)
  region size 1024K, 158 young (161792K), 1 survivors (1024K)
 Metaspace       used 24041K, capacity 24625K, committed 24852K, reserved 1071104K
  class space    used 2591K, capacity 2860K, committed 2944K, reserved 1048576K
}
Event: 7.646 GC heap after
{Heap after GC invocations=20 (full 0):
 garbage-first heap   total 462848K, used 143539K [0x00000000c0000000, 0x0000000100000000)
  region size 1024K, 3 young (3072K), 3 survivors (3072K)
 Metaspace       used 24041K, capacity 24625K, committed 24852K, reserved 1071104K
  class space    used 2591K, capacity 2860K, committed 2944K, reserved 1048576K
}
Event: 8.815 GC heap before
{Heap before GC invocations=21 (full 0):
 garbage-first heap   total 462848K, used 326835K [0x00000000c0000000, 0x0000000100000000)
  region size 1024K, 182 young (186368K), 3 survivors (3072K)
 Metaspace       used 24067K, capacity 24575K, committed 24852K, reserved 1071104K
  class space    used 2565K, capacity 2815K, committed 2944K, reserved 1048576K
}
Event: 8.830 GC heap after
{Heap after GC invocations=22 (full 0):
 garbage-first heap   total 462848K, used 144757K [0x00000000c0000000, 0x0000000100000000)
  region size 1024K, 4 young (4096K), 4 survivors (4096K)
 Metaspace       used 24067K, capacity 24575K, committed 24852K, reserved 1071104K
  class space    used 2565K, capacity 2815K, committed 2944K, reserved 1048576K
}
Event: 8.894 GC heap before
{Heap before GC invocations=22 (full 0):
 garbage-first heap   total 462848K, used 163189K [0x00000000c0000000, 0x0000000100000000)
  region size 1024K, 22 young (22528K), 4 survivors (4096K)
 Metaspace       used 24069K, capacity 24575K, committed 24852K, reserved 1071104K
  class space    used 2565K, capacity 2815K, committed 2944K, reserved 1048576K
}
Event: 8.906 GC heap after
{Heap after GC invocations=23 (full 0):
 garbage-first heap   total 462848K, used 140360K [0x00000000c0000000, 0x0000000100000000)
  region size 1024K, 2 young (2048K), 2 survivors (2048K)
 Metaspace       used 24069K, capacity 24575K, committed 24852K, reserved 1071104K
  class space    used 2565K, capacity 2815K, committed 2944K, reserved 1048576K
}
Event: 9.679 GC heap before
{Heap before GC invocations=23 (full 0):
 garbage-first heap   total 462848K, used 354376K [0x00000000c0000000, 0x0000000100000000)
  region size 1024K, 211 young (216064K), 2 survivors (2048K)
 Metaspace       used 24432K, capacity 24969K, committed 25108K, reserved 1071104K
  class space    used 2605K, capacity 2840K, committed 2944K, reserved 1048576K
}
Event: 9.687 GC heap after
{Heap after GC invocations=24 (full 0):
 garbage-first heap   total 462848K, used 141185K [0x00000000c0000000, 0x0000000100000000)
  region size 1024K, 3 young (3072K), 3 survivors (3072K)
 Metaspace       used 24432K, capacity 24969K, committed 25108K, reserved 1071104K
  class space    used 2605K, capacity 2840K, committed 2944K, reserved 1048576K
}
Event: 10.569 GC heap before
{Heap before GC invocations=24 (full 0):
 garbage-first heap   total 462848K, used 364417K [0x00000000c0000000, 0x0000000100000000)
  region size 1024K, 221 young (226304K), 3 survivors (3072K)
 Metaspace       used 24532K, capacity 25067K, committed 25364K, reserved 1071104K
  class space    used 2617K, capacity 2852K, committed 2944K, reserved 1048576K
}
Event: 10.578 GC heap after
{Heap after GC invocations=25 (full 0):
 garbage-first heap   total 462848K, used 142655K [0x00000000c0000000, 0x0000000100000000)
  region size 1024K, 5 young (5120K), 5 survivors (5120K)
 Metaspace       used 24532K, capacity 25067K, committed 25364K, reserved 1071104K
  class space    used 2617K, capacity 2852K, committed 2944K, reserved 1048576K
}
Event: 11.429 GC heap before
{Heap before GC invocations=25 (full 0):
 garbage-first heap   total 462848K, used 371007K [0x00000000c0000000, 0x0000000100000000)
  region size 1024K, 228 young (233472K), 5 survivors (5120K)
 Metaspace       used 24729K, capacity 25373K, committed 25620K, reserved 1073152K
  class space    used 2648K, capacity 2913K, committed 2944K, reserved 1048576K
}
Event: 11.441 GC heap after
{Heap after GC invocations=26 (full 0):
 garbage-first heap   total 462848K, used 143429K [0x00000000c0000000, 0x0000000100000000)
  region size 1024K, 5 young (5120K), 5 survivors (5120K)
 Metaspace       used 24729K, capacity 25373K, committed 25620K, reserved 1073152K
  class space    used 2648K, capacity 2913K, committed 2944K, reserved 1048576K
}
Event: 12.367 GC heap before
{Heap before GC invocations=26 (full 0):
 garbage-first heap   total 462848K, used 388165K [0x00000000c0000000, 0x0000000100000000)
  region size 1024K, 244 young (249856K), 5 survivors (5120K)
 Metaspace       used 24754K, capacity 25373K, committed 25620K, reserved 1073152K
  class space    used 2648K, capacity 2913K, committed 2944K, reserved 1048576K
}
Event: 12.385 GC heap after
{Heap after GC invocations=27 (full 0):
 garbage-first heap   total 462848K, used 145014K [0x00000000c0000000, 0x0000000100000000)
  region size 1024K, 7 young (7168K), 7 survivors (7168K)
 Metaspace       used 24754K, capacity 25373K, committed 25620K, reserved 1073152K
  class space    used 2648K, capacity 2913K, committed 2944K, reserved 1048576K
}
Event: 13.287 GC heap before
{Heap before GC invocations=27 (full 0):
 garbage-first heap   total 462848K, used 389750K [0x00000000c0000000, 0x0000000100000000)
  region size 1024K, 246 young (251904K), 7 survivors (7168K)
 Metaspace       used 24847K, capacity 25481K, committed 25620K, reserved 1073152K
  class space    used 2656K, capacity 2926K, committed 2944K, reserved 1048576K
}
Event: 13.309 GC heap after
{Heap after GC invocations=28 (full 0):
 garbage-first heap   total 462848K, used 145897K [0x00000000c0000000, 0x0000000100000000)
  region size 1024K, 8 young (8192K), 8 survivors (8192K)
 Metaspace       used 24847K, capacity 25481K, committed 25620K, reserved 1073152K
  class space    used 2656K, capacity 2926K, committed 2944K, reserved 1048576K
}
Event: 14.100 GC heap before
{Heap before GC invocations=28 (full 0):
 garbage-first heap   total 462848K, used 392681K [0x00000000c0000000, 0x0000000100000000)
  region size 1024K, 249 young (254976K), 8 survivors (8192K)
 Metaspace       used 24850K, capacity 25481K, committed 25620K, reserved 1073152K
  class space    used 2656K, capacity 2926K, committed 2944K, reserved 1048576K
}
Event: 14.120 GC heap after
{Heap after GC invocations=29 (full 0):
 garbage-first heap   total 462848K, used 147305K [0x00000000c0000000, 0x0000000100000000)
  region size 1024K, 9 young (9216K), 9 survivors (9216K)
 Metaspace       used 24850K, capacity 25481K, committed 25620K, reserved 1073152K
  class space    used 2656K, capacity 2926K, committed 2944K, reserved 1048576K
}

